hadoop fs -cat /moving_average/sort_in_memory/input/inputfile.txt
GOOG,2004-11-04,184.70
GOOG,2004-11-03,191.67
GOOG,2004-11-02,194.87
AAPL,2013-10-09,486.59
AAPL,2013-10-08,480.94
AAPL,2013-10-07,487.75
AAPL,2013-10-04,483.03
AAPL,2013-10-03,483.41
IBM,2013-09-30,185.18
IBM,2013-09-27,186.92
IBM,2013-09-26,190.22
IBM,2013-09-25,189.47
GOOG,2013-07-19,896.60
GOOG,2013-07-18,910.68
GOOG,2013-07-17,918.55

$ ./run_SortInMemory_MovingAverageDriver.sh
args[0]: <window_size>=2
args[1]: <input>=/moving_average/sort_in_memory/input
args[2]: <output>=/moving_average/sort_in_memory/output
...
17/07/22 22:18:34 INFO mapreduce.Job: Running job: job_1500158936192_0001
17/07/22 22:18:39 INFO mapreduce.Job: Job job_1500158936192_0001 running in uber mode : false
17/07/22 22:18:39 INFO mapreduce.Job:  map 0% reduce 0%
17/07/22 22:18:43 INFO mapreduce.Job:  map 100% reduce 0%
17/07/22 22:18:48 INFO mapreduce.Job:  map 100% reduce 100%
17/07/22 22:18:49 INFO mapreduce.Job: Job job_1500158936192_0001 completed successfully
17/07/22 22:18:49 INFO mapreduce.Job: Counters: 49
	File System Counters
		FILE: Number of bytes read=347
		FILE: Number of bytes written=218173
		FILE: Number of read operations=0
		FILE: Number of large read operations=0
		FILE: Number of write operations=0
		HDFS: Number of bytes read=477
		HDFS: Number of bytes written=313
		HDFS: Number of read operations=6
		HDFS: Number of large read operations=0
		HDFS: Number of write operations=2
	Job Counters
		Launched map tasks=1
		Launched reduce tasks=1
		Data-local map tasks=1
		Total time spent by all maps in occupied slots (ms)=1886
		Total time spent by all reduces in occupied slots (ms)=2014
		Total time spent by all map tasks (ms)=1886
		Total time spent by all reduce tasks (ms)=2014
		Total vcore-milliseconds taken by all map tasks=1886
		Total vcore-milliseconds taken by all reduce tasks=2014
		Total megabyte-milliseconds taken by all map tasks=1931264
		Total megabyte-milliseconds taken by all reduce tasks=2062336
	Map-Reduce Framework
		Map input records=15
		Map output records=15
		Map output bytes=311
		Map output materialized bytes=347
		Input split bytes=136
		Combine input records=0
		Combine output records=0
		Reduce input groups=3
		Reduce shuffle bytes=347
		Reduce input records=15
		Reduce output records=12
		Spilled Records=30
		Shuffled Maps =1
		Failed Shuffles=0
		Merged Map outputs=1
		GC time elapsed (ms)=79
		CPU time spent (ms)=0
		Physical memory (bytes) snapshot=0
		Virtual memory (bytes) snapshot=0
		Total committed heap usage (bytes)=349175808
	Shuffle Errors
		BAD_ID=0
		CONNECTION=0
		IO_ERROR=0
		WRONG_LENGTH=0
		WRONG_MAP=0
		WRONG_REDUCE=0
	File Input Format Counters
		Bytes Read=341
	File Output Format Counters
		Bytes Written=313

$ hadoop fs -cat /moving_average/sort_in_memory/output/part*
AAPL	2013-10-04,483.22
AAPL	2013-10-07,485.39
AAPL	2013-10-08,484.345
AAPL	2013-10-09,483.765
GOOG	2004-11-03,193.26999999999998
GOOG	2004-11-04,188.18499999999997
GOOG	2013-07-17,551.625
GOOG	2013-07-18,914.615
GOOG	2013-07-19,903.6400000000001
IBM	2013-09-26,189.845
IBM	2013-09-27,188.57
IBM	2013-09-30,186.05

